{
    "Role": {
        "Path": "/",
        "RoleName": "lambda-exemplo",
        "RoleId": "AROA4NIJ32XVWGQ5KAQ3Y",
        "Arn": "arn:aws:iam::853108577771:role/lambda-exemplo",
        "CreateDate": "2023-01-30T17:34:06+00:00",
        "AssumeRolePolicyDocument": {
            "Version": "2012-10-17",
            "Statement": [
                {
                    "Effect": "Allow",
                    "Principal": {
                        "Service": "lambda.amazonaws.com"
                    },
                    "Action": "sts:AssumeRole"
                }
            ]
        }
    }
}